-------------------------------------------------------------------------------
Test set: com.app.runners.CukesRunner
-------------------------------------------------------------------------------
Tests run: 2, Failures: 1, Errors: 0, Skipped: 0, Time elapsed: 8.575 s <<< FAILURE! - in com.app.runners.CukesRunner
Authentication login.Succesful Login  Time elapsed: 3.904 s  <<< FAILURE!
org.junit.ComparisonFailure: !! NOTE: Title was expected to be Dashboard, but found expected:<[Dashboard]> but was:<[]>

