<?xml version="1.0" encoding="UTF-8"?>
<testsuite xmlns:xsi="http://www.w3.org/2001/XMLSchema-instance" xsi:noNamespaceSchemaLocation="https://maven.apache.org/surefire/maven-surefire-plugin/xsd/surefire-test-report-3.0.xsd" version="3.0" name="Authentication login" time="13.493" tests="6" errors="0" skipped="0" failures="3">
  <properties>
[...]
</properties>
  <testcase name="M3-4392_Verify Login failure scenario" classname="Authentication login" time="6.286">
    <system-out><![CDATA[

&amp#27;[31mFailed scenarios:&amp#27;[0m


&amp#27;[31mfile:///Users/Yusuf.Celik/IdeaProjects/DemoJenkin/src/test/resources/features/Login.feature:26&amp#27;[0m
# Succesful Login


&amp#27;[31mfile:///Users/Yusuf.Celik/IdeaProjects/DemoJenkin/src/test/resources/features/LoginParallelDemo2.feature:26&amp#27;[0m
# Succesful Login


&amp#27;[31mfile:///Users/Yusuf.Celik/IdeaProjects/DemoJenkin/src/test/resources/features/LoginParallelDemo.feature:26&amp#27;[0m
# Succesful Login




6
 Scenarios (
&amp#27;[31m3 failed&amp#27;[0m
, 
&amp#27;[32m3 passed&amp#27;[0m
)


39
 Steps (
&amp#27;[31m3 failed&amp#27;[0m
, 
&amp#27;[32m36 passed&amp#27;[0m
)


0m
13.497s






org.junit.ComparisonFailure: !! NOTE: Title was expected to be Dashboard, but found expected:<[Dashboard]> but was:<[]>


	at org.junit.Assert.assertEquals(Assert.java:117)


	at com.app.stepdefinitions.LoginStepDefs.verifyPageTitleAs(LoginStepDefs.java:48)


	at ✽.Verify page title as "Dashboard"(file:///Users/Yusuf.Celik/IdeaProjects/DemoJenkin/src/test/resources/features/Login.feature:23)




org.junit.ComparisonFailure: !! NOTE: Title was expected to be Dashboard, but found expected:<[Dashboard]> but was:<[]>


	at org.junit.Assert.assertEquals(Assert.java:117)


	at com.app.stepdefinitions.LoginStepDefs.verifyPageTitleAs(LoginStepDefs.java:48)


	at ✽.Verify page title as "Dashboard"(file:///Users/Yusuf.Celik/IdeaProjects/DemoJenkin/src/test/resources/features/LoginParallelDemo2.feature:23)




org.junit.ComparisonFailure: !! NOTE: Title was expected to be Dashboard, but found expected:<[Dashboard]> but was:<[]>


	at org.junit.Assert.assertEquals(Assert.java:117)


	at com.app.stepdefinitions.LoginStepDefs.verifyPageTitleAs(LoginStepDefs.java:48)


	at ✽.Verify page title as "Dashboard"(file:///Users/Yusuf.Celik/IdeaProjects/DemoJenkin/src/test/resources/features/LoginParallelDemo.feature:23)






]]></system-out>
    <system-err><![CDATA[SLF4J: Failed to load class "org.slf4j.impl.StaticLoggerBinder".
SLF4J: Defaulting to no-operation (NOP) logger implementation
SLF4J: See http://www.slf4j.org/codes.html#StaticLoggerBinder for further details.
Starting ChromeDriver 91.0.4472.101 (af52a90bf87030dd1523486a1cd3ae25c5d76c9b-refs/branch-heads/4472@{#1462}) on port 22105
Only local connections are allowed.
Please see https://chromedriver.chromium.org/security-considerations for suggestions on keeping ChromeDriver safe.
ChromeDriver was started successfully.
Jul 07, 2021 10:51:15 AM org.openqa.selenium.remote.ProtocolHandshake createSession
INFO: Detected dialect: W3C
]]></system-err>
  </testcase>
  <testcase name="M3-4392_Verify Login failure scenario" classname="Authentication login" time="8.9">
    <system-err><![CDATA[Starting ChromeDriver 91.0.4472.101 (af52a90bf87030dd1523486a1cd3ae25c5d76c9b-refs/branch-heads/4472@{#1462}) on port 20778
Only local connections are allowed.
Please see https://chromedriver.chromium.org/security-considerations for suggestions on keeping ChromeDriver safe.
ChromeDriver was started successfully.
Jul 07, 2021 10:51:15 AM org.openqa.selenium.remote.ProtocolHandshake createSession
INFO: Detected dialect: W3C
]]></system-err>
  </testcase>
  <testcase name="M3-4392_Verify Login failure scenario" classname="Authentication login" time="8.145">
    <system-err><![CDATA[Starting ChromeDriver 91.0.4472.101 (af52a90bf87030dd1523486a1cd3ae25c5d76c9b-refs/branch-heads/4472@{#1462}) on port 15094
Only local connections are allowed.
Please see https://chromedriver.chromium.org/security-considerations for suggestions on keeping ChromeDriver safe.
ChromeDriver was started successfully.
Jul 07, 2021 10:51:15 AM org.openqa.selenium.remote.ProtocolHandshake createSession
INFO: Detected dialect: W3C
]]></system-err>
  </testcase>
  <testcase name="Succesful Login" classname="Authentication login" time="5.373">
    <failure message="!! NOTE: Title was expected to be Dashboard, but found expected:&lt;[Dashboard]&gt; but was:&lt;[]&gt;" type="org.junit.ComparisonFailure"><![CDATA[org.junit.ComparisonFailure: !! NOTE: Title was expected to be Dashboard, but found expected:<[Dashboard]> but was:<[]>
]]></failure>
    <system-err><![CDATA[Starting ChromeDriver 91.0.4472.101 (af52a90bf87030dd1523486a1cd3ae25c5d76c9b-refs/branch-heads/4472@{#1462}) on port 2998
Only local connections are allowed.
Please see https://chromedriver.chromium.org/security-considerations for suggestions on keeping ChromeDriver safe.
ChromeDriver was started successfully.
Jul 07, 2021 10:51:19 AM org.openqa.selenium.remote.ProtocolHandshake createSession
INFO: Detected dialect: W3C
]]></system-err>
  </testcase>
  <testcase name="Succesful Login" classname="Authentication login" time="4.816">
    <failure message="!! NOTE: Title was expected to be Dashboard, but found expected:&lt;[Dashboard]&gt; but was:&lt;[]&gt;" type="org.junit.ComparisonFailure"><![CDATA[org.junit.ComparisonFailure: !! NOTE: Title was expected to be Dashboard, but found expected:<[Dashboard]> but was:<[]>
]]></failure>
    <system-err><![CDATA[Starting ChromeDriver 91.0.4472.101 (af52a90bf87030dd1523486a1cd3ae25c5d76c9b-refs/branch-heads/4472@{#1462}) on port 44603
Only local connections are allowed.
Please see https://chromedriver.chromium.org/security-considerations for suggestions on keeping ChromeDriver safe.
ChromeDriver was started successfully.
Jul 07, 2021 10:51:21 AM org.openqa.selenium.remote.ProtocolHandshake createSession
INFO: Detected dialect: W3C
]]></system-err>
  </testcase>
  <testcase name="Succesful Login" classname="Authentication login" time="4.592">
    <failure message="!! NOTE: Title was expected to be Dashboard, but found expected:&lt;[Dashboard]&gt; but was:&lt;[]&gt;" type="org.junit.ComparisonFailure"><![CDATA[org.junit.ComparisonFailure: !! NOTE: Title was expected to be Dashboard, but found expected:<[Dashboard]> but was:<[]>
]]></failure>
    <system-err><![CDATA[Starting ChromeDriver 91.0.4472.101 (af52a90bf87030dd1523486a1cd3ae25c5d76c9b-refs/branch-heads/4472@{#1462}) on port 29458
Only local connections are allowed.
Please see https://chromedriver.chromium.org/security-considerations for suggestions on keeping ChromeDriver safe.
ChromeDriver was started successfully.
Jul 07, 2021 10:51:22 AM org.openqa.selenium.remote.ProtocolHandshake createSession
INFO: Detected dialect: W3C
]]></system-err>
  </testcase>
</testsuite>